2022/07/31 00:07:25 [notice] 1#1: using the "epoll" event method
2022/07/31 00:07:25 [notice] 1#1: nginx/1.23.1
2022/07/31 00:07:25 [notice] 1#1: built by gcc 10.2.1 20210110 (Debian 10.2.1-6) 
2022/07/31 00:07:25 [notice] 1#1: OS: Linux 5.10.104-linuxkit
2022/07/31 00:07:25 [notice] 1#1: getrlimit(RLIMIT_NOFILE): 1048576:1048576
2022/07/31 00:07:25 [notice] 1#1: start worker processes
2022/07/31 00:07:25 [notice] 1#1: start worker process 30
2022/07/31 00:07:25 [notice] 1#1: start worker process 31
2022/07/31 00:07:51 [error] 30#30: *1 directory index of "/var/www/html/" is forbidden, client: 192.168.32.1, server: localhost, request: "GET / HTTP/1.1", host: "192.168.100.8"
2022/07/31 00:12:10 [notice] 1#1: using the "epoll" event method
2022/07/31 00:12:10 [notice] 1#1: nginx/1.23.1
2022/07/31 00:12:10 [notice] 1#1: built by gcc 10.2.1 20210110 (Debian 10.2.1-6) 
2022/07/31 00:12:10 [notice] 1#1: OS: Linux 5.10.104-linuxkit
2022/07/31 00:12:10 [notice] 1#1: getrlimit(RLIMIT_NOFILE): 1048576:1048576
2022/07/31 00:12:10 [notice] 1#1: start worker processes
2022/07/31 00:12:10 [notice] 1#1: start worker process 30
2022/07/31 00:12:10 [notice] 1#1: start worker process 31
2022/07/31 00:13:55 [notice] 1#1: using the "epoll" event method
2022/07/31 00:13:55 [notice] 1#1: nginx/1.23.1
2022/07/31 00:13:55 [notice] 1#1: built by gcc 10.2.1 20210110 (Debian 10.2.1-6) 
2022/07/31 00:13:55 [notice] 1#1: OS: Linux 5.10.104-linuxkit
2022/07/31 00:13:55 [notice] 1#1: getrlimit(RLIMIT_NOFILE): 1048576:1048576
2022/07/31 00:13:55 [notice] 1#1: start worker processes
2022/07/31 00:13:55 [notice] 1#1: start worker process 31
2022/07/31 00:13:55 [notice] 1#1: start worker process 32
